#
# There is insufficient memory for the Java Runtime Environment to continue.
# Native memory allocation (mmap) failed to map 65536 bytes for Failed to commit area from 0x000001cab06f0000 to 0x000001cab0700000 of length 65536.
# Possible reasons:
#   The system is out of physical RAM or swap space
#   The process is running with CompressedOops enabled, and the Java Heap may be blocking the growth of the native heap
# Possible solutions:
#   Reduce memory load on the system
#   Increase physical memory or swap space
#   Check if swap backing store is full
#   Decrease Java heap size (-Xmx/-Xms)
#   Decrease number of Java threads
#   Decrease Java thread stack sizes (-Xss)
#   Set larger code cache with -XX:ReservedCodeCacheSize=
# This output file may be truncated or incomplete.
#
#  Out of Memory Error (t:/workspace/open/src/hotspot/os/windows/os_windows.cpp:3221), pid=18340, tid=14652
#
# JRE version:  (10.0.1+10) (build )
# Java VM: Java HotSpot(TM) 64-Bit Server VM (10.0.1+10, mixed mode, aot, tiered, compressed oops, g1 gc, windows-amd64)
# No core dump will be written. Minidumps are not enabled by default on client versions of Windows
#

---------------  S U M M A R Y ------------

Command Line: -Dfile.encoding=Cp1252 GameManager

Host: Intel(R) Core(TM) i7-7700HQ CPU @ 2.80GHz, 8 cores, 31G,  Windows 10 , 64 bit Build 18362 (10.0.18362.778)
Time: Thu May 07 21:43:48 2020 Pacific Daylight Time elapsed time: 0 seconds (0d 0h 0m 0s)

---------------  T H R E A D  ---------------

Current thread (0x000001ca8e84e000):  JavaThread "Unknown thread" [_thread_in_vm, id=14652, stack(0x000000ab02600000,0x000000ab02700000)]

Stack: [0x000000ab02600000,0x000000ab02700000]
Native frames: (J=compiled Java code, j=interpreted, Vv=VM code, C=native code)
V  [jvm.dll+0x5a0369]
V  [jvm.dll+0x6bcf81]
V  [jvm.dll+0x6be176]
V  [jvm.dll+0x6be803]
V  [jvm.dll+0x234998]
V  [jvm.dll+0x59dc74]
V  [jvm.dll+0x592ab5]
V  [jvm.dll+0x2f625b]
V  [jvm.dll+0x2f61c5]
V  [jvm.dll+0x2f60a2]
V  [jvm.dll+0x2f8398]
V  [jvm.dll+0x3440f7]
V  [jvm.dll+0x3447e6]
V  [jvm.dll+0x3441d3]
V  [jvm.dll+0x2c43b8]
V  [jvm.dll+0x2c5501]
V  [jvm.dll+0x69d33b]
V  [jvm.dll+0x69eb5c]
V  [jvm.dll+0x351849]
V  [jvm.dll+0x6859c2]
V  [jvm.dll+0x3ba0a3]
V  [jvm.dll+0x3bc201]
C  [javaw.exe+0x3541]
C  [javaw.exe+0xe1cf]
C  [javaw.exe+0xe376]
C  [KERNEL32.DLL+0x17bd4]
C  [ntdll.dll+0x6ce51]


---------------  P R O C E S S  ---------------

Threads class SMR info:
_java_thread_list=0x000001ca8c6b90a0, length=0, elements={
}

Java Threads: ( => current thread )

Other Threads:
  0x000001ca8e868800 GCTaskThread "GC Thread#0" [stack: 0x000000ab02700000,0x000000ab02800000] [id=8536]
  0x000001ca8e86a800 GCTaskThread "GC Thread#1" [stack: 0x000000ab02800000,0x000000ab02900000] [id=18656]
  0x000001ca8e86d000 GCTaskThread "GC Thread#2" [stack: 0x000000ab02900000,0x000000ab02a00000] [id=4548]
  0x000001ca8e870000 GCTaskThread "GC Thread#3" [stack: 0x000000ab02a00000,0x000000ab02b00000] [id=7200]
  0x000001ca8e871800 GCTaskThread "GC Thread#4" [stack: 0x000000ab02b00000,0x000000ab02c00000] [id=14872]
  0x000001ca8e875800 GCTaskThread "GC Thread#5" [stack: 0x000000ab02c00000,0x000000ab02d00000] [id=16396]
  0x000001ca8e87e800 GCTaskThread "GC Thread#6" [stack: 0x000000ab02d00000,0x000000ab02e00000] [id=5584]
  0x000001ca8e880800 GCTaskThread "GC Thread#7" [stack: 0x000000ab02e00000,0x000000ab02f00000] [id=17044]
  0x000001ca8e8eb800 ConcurrentGCThread "G1 Main Marker" [stack: 0x000000ab02f00000,0x000000ab03000000] [id=27920]
  0x000001ca8e8ec800 ConcurrentGCThread "G1 Conc#0" [stack: 0x000000ab03000000,0x000000ab03100000] [id=8416]
  0x000001ca8e8ed800 ConcurrentGCThread "G1 Conc#1" [stack: 0x000000ab03100000,0x000000ab03200000] [id=8404]

[error occurred during error reporting (printing all threads), id 0xe0000002]

VM state:not at safepoint (not fully initialized)

VM Mutex/Monitor currently owned by a thread:  ([mutex/lock_event])
[0x000001ca8e84c360] Heap_lock - owner thread: 0x000001ca8e84e000

Heap address: 0x00000005c2400000, size: 8156 MB, Compressed Oops mode: Non-zero based: 0x00000005c2400000
Narrow klass base: 0x0000000000000000, Narrow klass shift: 0

GC Heap History (0 events):
No events

Deoptimization events (0 events):
No events

Classes redefined (0 events):
No events

Internal exceptions (0 events):
No events

Events (0 events):
No events


Dynamic libraries:
0x00007ff607d20000 - 0x00007ff607d5e000 	C:\Program Files\Java\jre-10.0.1\bin\javaw.exe
0x00007ff99b3e0000 - 0x00007ff99b5d0000 	C:\WINDOWS\SYSTEM32\ntdll.dll
0x00007ff999d40000 - 0x00007ff999df2000 	C:\WINDOWS\System32\KERNEL32.DLL
0x00007ff998af0000 - 0x00007ff998d93000 	C:\WINDOWS\System32\KERNELBASE.dll
0x00007ff99af80000 - 0x00007ff99b023000 	C:\WINDOWS\System32\ADVAPI32.dll
0x00007ff999ae0000 - 0x00007ff999b7e000 	C:\WINDOWS\System32\msvcrt.dll
0x00007ff99b150000 - 0x00007ff99b1e7000 	C:\WINDOWS\System32\sechost.dll
0x00007ff99b030000 - 0x00007ff99b150000 	C:\WINDOWS\System32\RPCRT4.dll
0x00007ff99a6c0000 - 0x00007ff99a854000 	C:\WINDOWS\System32\USER32.dll
0x00007ff9990f0000 - 0x00007ff999111000 	C:\WINDOWS\System32\win32u.dll
0x00007ff999ab0000 - 0x00007ff999ad6000 	C:\WINDOWS\System32\GDI32.dll
0x00007ff998ef0000 - 0x00007ff999084000 	C:\WINDOWS\System32\gdi32full.dll
0x00007ff999270000 - 0x00007ff99930e000 	C:\WINDOWS\System32\msvcp_win.dll
0x00007ff998da0000 - 0x00007ff998e9a000 	C:\WINDOWS\System32\ucrtbase.dll
0x00007ff989410000 - 0x00007ff989695000 	C:\WINDOWS\WinSxS\amd64_microsoft.windows.common-controls_6595b64144ccf1df_6.0.18362.778_none_e6c6b761130d4fb8\COMCTL32.dll
0x00007ff99a860000 - 0x00007ff99ab96000 	C:\WINDOWS\System32\combase.dll
0x00007ff999340000 - 0x00007ff9993c0000 	C:\WINDOWS\System32\bcryptPrimitives.dll
0x00007ff98fb10000 - 0x00007ff98fb1a000 	C:\WINDOWS\SYSTEM32\VERSION.dll
0x00007ff99ad20000 - 0x00007ff99ad4e000 	C:\WINDOWS\System32\IMM32.DLL
0x00007ff97ca20000 - 0x00007ff97cb0f000 	C:\Program Files\Java\jre-10.0.1\bin\msvcr120.dll
0x00007ff97c110000 - 0x00007ff97c1b6000 	C:\Program Files\Java\jre-10.0.1\bin\msvcp120.dll
0x00000000661e0000 - 0x0000000066c50000 	C:\Program Files\Java\jre-10.0.1\bin\server\jvm.dll
0x00007ff99a6b0000 - 0x00007ff99a6b8000 	C:\WINDOWS\System32\PSAPI.DLL
0x00007ff98bfd0000 - 0x00007ff98bff4000 	C:\WINDOWS\SYSTEM32\WINMM.dll
0x00007ff989b50000 - 0x00007ff989b59000 	C:\WINDOWS\SYSTEM32\WSOCK32.dll
0x00007ff99ac50000 - 0x00007ff99acbf000 	C:\WINDOWS\System32\WS2_32.dll
0x00007ff98b260000 - 0x00007ff98b28d000 	C:\WINDOWS\SYSTEM32\winmmbase.dll
0x00007ff998ea0000 - 0x00007ff998eea000 	C:\WINDOWS\System32\cfgmgr32.dll
0x00007ff98ef20000 - 0x00007ff98ef2f000 	C:\Program Files\Java\jre-10.0.1\bin\verify.dll
0x00007ff993b70000 - 0x00007ff993d64000 	C:\WINDOWS\SYSTEM32\DBGHELP.DLL
0x00007ff98d8b0000 - 0x00007ff98d8da000 	C:\WINDOWS\SYSTEM32\dbgcore.DLL
0x00007ff980680000 - 0x00007ff9806a7000 	C:\Program Files\Java\jre-10.0.1\bin\java.dll
0x00007ff98e930000 - 0x00007ff98e946000 	C:\Program Files\Java\jre-10.0.1\bin\zip.dll
0x00007ff98e100000 - 0x00007ff98e10a000 	C:\Program Files\Java\jre-10.0.1\bin\jimage.dll

dbghelp: loaded successfully - version: 4.0.5 - missing functions: none
symbol engine: initialized successfully - sym options: 0x614 - pdb path: .;C:\Program Files\Java\jre-10.0.1\bin;C:\WINDOWS\SYSTEM32;C:\WINDOWS\WinSxS\amd64_microsoft.windows.common-controls_6595b64144ccf1df_6.0.18362.778_none_e6c6b761130d4fb8;C:\Program Files\Java\jre-10.0.1\bin\server

VM Arguments:
jvm_args: -Dfile.encoding=Cp1252 
java_command: GameManager
java_class_path (initial): C:\Users\chris\Dropbox\workspaceAPCS\GoBoardGame
Launcher Type: SUN_STANDARD

Logging:
Log output configuration:
#0: stdout all=warning uptime,level,tags
#1: stderr all=off uptime,level,tags

Environment Variables:
PATH=C:\Program Files (x86)\Common Files\Oracle\Java\javapath;C:\Program Files (x86)\Intel\iCLS Client\;C:\Program Files\Intel\iCLS Client\;C:\Windows\system32;C:\Windows;C:\Windows\System32\Wbem;C:\Windows\System32\WindowsPowerShell\v1.0\;C:\Program Files (x86)\Intel\Intel(R) Management Engine Components\DAL;C:\Program Files\Intel\Intel(R) Management Engine Components\DAL;C:\Program Files (x86)\Intel\Intel(R) Management Engine Components\IPT;C:\Program Files\Intel\Intel(R) Management Engine Components\IPT;C:\Program Files (x86)\NVIDIA Corporation\PhysX\Common;C:\WINDOWS\system32;C:\WINDOWS;C:\WINDOWS\System32\Wbem;C:\WINDOWS\System32\WindowsPowerShell\v1.0\;C:\Program Files\Common Files\Autodesk Shared\;C:\Program Files\Git\cmd;C:\WINDOWS\System32\OpenSSH\;C:\Users\chris\AppData\Local\Microsoft\WindowsApps;C:\Users\chris\AppData\Local\GitHubDesktop\bin;%USERPROFILE%\AppData\Local\Microsoft\WindowsApps;
USERNAME=chris
OS=Windows_NT
PROCESSOR_IDENTIFIER=Intel64 Family 6 Model 158 Stepping 9, GenuineIntel



---------------  S Y S T E M  ---------------

OS: Windows 10 , 64 bit Build 18362 (10.0.18362.778)

CPU:total 8 (initial active 8) (4 cores per cpu, 2 threads per core) family 6 model 158 stepping 9, cmov, cx8, fxsr, mmx, sse, sse2, sse3, ssse3, sse4.1, sse4.2, popcnt, avx, avx2, aes, clmul, erms, 3dnowpref, lzcnt, ht, tsc, tscinvbit, bmi1, bmi2, adx, fma

Memory: 4k page, physical 33402820k(16679712k free), swap 134066116k(4120k free)

vm_info: Java HotSpot(TM) 64-Bit Server VM (10.0.1+10) for windows-amd64 JRE (10.0.1+10), built on Mar 27 2018 02:27:48 by "mach5one" with MS VC++ 12.0 (VS2013)

END.
